<?xml version="1.0" encoding="UTF-8"?>
<!-- Generated by org.testng.reporters.JUnitReportReporter -->
<testsuite hostname="DESKTOP-6BOO6SN" failures="0" tests="3" name="com.testng.practice.MultipleTests" time="0.154" errors="0" timestamp="2024-04-28T00:45:37 IST" skipped="0">
  <testcase classname="com.testng.practice.MultipleTests" name="aThird" time="0.053"/>
  <system-out/>
  <testcase classname="com.testng.practice.MultipleTests" name="bSecond" time="0.018"/>
  <system-out/>
  <testcase classname="com.testng.practice.MultipleTests" name="cFirst" time="0.083"/>
  <system-out/>
</testsuite> <!-- com.testng.practice.MultipleTests -->
