<?xml version="1.0" encoding="UTF-8"?>
<!-- Generated by org.testng.reporters.JUnitReportReporter -->
<testsuite hostname="DESKTOP-6BOO6SN" failures="0" tests="11" name="com.testng.practice.RetryEx" time="0.815" errors="0" timestamp="2024-05-12T00:05:27 IST" skipped="10">
  <testcase classname="com.testng.practice.RetryEx" name="test" time="0.037">
    <skipped/>
  </testcase> <!-- test -->
  <system-out/>
  <testcase classname="com.testng.practice.RetryEx" name="test" time="0.028">
    <skipped/>
  </testcase> <!-- test -->
  <system-out/>
  <testcase classname="com.testng.practice.RetryEx" name="test" time="0.027">
    <skipped/>
  </testcase> <!-- test -->
  <system-out/>
  <testcase classname="com.testng.practice.RetryEx" name="test" time="0.281">
    <skipped/>
  </testcase> <!-- test -->
  <system-out/>
  <testcase classname="com.testng.practice.RetryEx" name="test" time="0.132"/>
  <system-out/>
  <testcase classname="com.testng.practice.RetryEx" name="test" time="0.042">
    <skipped/>
  </testcase> <!-- test -->
  <system-out/>
  <testcase classname="com.testng.practice.RetryEx" name="test" time="0.037">
    <skipped/>
  </testcase> <!-- test -->
  <system-out/>
  <testcase classname="com.testng.practice.RetryEx" name="test" time="0.035">
    <skipped/>
  </testcase> <!-- test -->
  <system-out/>
  <testcase classname="com.testng.practice.RetryEx" name="test" time="0.092">
    <skipped/>
  </testcase> <!-- test -->
  <system-out/>
  <testcase classname="com.testng.practice.RetryEx" name="test" time="0.090">
    <skipped/>
  </testcase> <!-- test -->
  <system-out/>
  <testcase classname="com.testng.practice.RetryEx" name="test" time="0.014">
    <skipped/>
  </testcase> <!-- test -->
  <system-out/>
</testsuite> <!-- com.testng.practice.RetryEx -->
